<?xml version="1.0" encoding="UTF-8"?>
<!-- Generated by org.testng.reporters.JUnitXMLReporter -->
<testsuite hostname="DESKTOP-8FKLJ50" ignored="0" name="Validate Flash Screen Images" tests="1" failures="0" timestamp="14 Sep 2020 07:26:34 GMT" time="16.587" errors="0">
  <testcase name="tC_001_Validate_SplashScreen_Images" time="0.066" classname="com.testcases.TC_001_Validate_SplashScreen_Images">
    <skipped/>
  </testcase> <!-- tC_001_Validate_SplashScreen_Images -->
</testsuite> <!-- Validate Flash Screen Images -->
