<?xml version="1.0" encoding="UTF-8"?>
<!-- Generated by org.testng.reporters.JUnitXMLReporter -->
<testsuite hostname="DESKTOP-8FKLJ50" ignored="0" name="Validate Splash Screen Images" tests="1" failures="0" timestamp="20 Oct 2020 11:08:52 GMT" time="29.741" errors="0">
  <testcase name="tC_001_Validate_SplashScreen_Images" time="0.038" classname="com.testcases.TC_001_Validate_SplashScreen_Images">
    <skipped/>
  </testcase> <!-- tC_001_Validate_SplashScreen_Images -->
</testsuite> <!-- Validate Splash Screen Images -->
