<?xml version="1.0" encoding="UTF-8"?>
<!-- Generated by org.testng.reporters.JUnitXMLReporter -->
<testsuite hostname="DESKTOP-8FKLJ50" ignored="0" name="VALIDATE SEARCH LIST AND PRODUCT TO CART PAGE" tests="1" failures="0" timestamp="19 Apr 2021 04:45:49 GMT" time="301.902" errors="0">
  <testcase name="tC_FCA_4_Validate_Search_List_Add_Product_to_Cart" time="256.271" classname="com.practice.TC_FCA_4_Validate_Search_List_Add_Product_to_Cart"/>
</testsuite> <!-- VALIDATE SEARCH LIST AND PRODUCT TO CART PAGE -->
