<?xml version="1.0" encoding="UTF-8"?>
<!-- Generated by org.testng.reporters.JUnitXMLReporter -->
<testsuite hostname="DESKTOP-8FKLJ50" ignored="0" name="VALIDATE THE LAUNCHING TEXT AND SPLASH SCREEN" tests="1" failures="0" timestamp="19 Apr 2021 04:25:41 GMT" time="141.877" errors="0">
  <testcase name="tC_FCA_1_Validate_Launching_Splash_Screen" time="60.442" classname="com.practice.TC_FCA_1_Validate_Launching_Splash_Screen"/>
</testsuite> <!-- VALIDATE THE LAUNCHING TEXT AND SPLASH SCREEN -->
