<?xml version="1.0" encoding="UTF-8"?>
<!-- Generated by org.testng.reporters.JUnitXMLReporter -->
<testsuite hostname="DESKTOP-8FKLJ50" ignored="0" name="VALIDATE SELECTED CATEGORY OPENED AND VERIFY THAT COUNT" tests="1" failures="0" timestamp="11 Mar 2021 09:08:39 GMT" time="133.36" errors="0">
  <testcase name="tC_FCA_1_Validate_Launching_Splash_Screen" time="48.148" classname="com.practice.TC_FCA_1_Validate_Launching_Splash_Screen"/>
</testsuite> <!-- VALIDATE SELECTED CATEGORY OPENED AND VERIFY THAT COUNT -->
