<?xml version="1.0" encoding="UTF-8"?>
<!-- Generated by org.testng.reporters.JUnitXMLReporter -->
<testsuite hostname="DESKTOP-8FKLJ50" ignored="0" name="VALIDATE DASHBOARD PAGE ATTRIBUTES" tests="1" failures="1" timestamp="10 Feb 2021 11:03:33 GMT" time="61.648" errors="0">
  <testcase name="tC_013_Validate_DashBoard_Page_Attributes" time="39.349" classname="com.testcases.TC_013_Validate_DashBoard_Page_Attributes">
    <failure type="java.lang.NullPointerException">
      <![CDATA[java.lang.NullPointerException
	at org.openqa.selenium.support.ui.ExpectedConditions.elementIfVisible(ExpectedConditions.java:314)
	at org.openqa.selenium.support.ui.ExpectedConditions.access$000(ExpectedConditions.java:43)
	at org.openqa.selenium.support.ui.ExpectedConditions$10.apply(ExpectedConditions.java:300)
	at org.openqa.selenium.support.ui.ExpectedConditions$10.apply(ExpectedConditions.java:297)
	at org.openqa.selenium.support.ui.FluentWait.until(FluentWait.java:249)
	at com.utils.Keywords.waitElementPresent(Keywords.java:532)
	at com.utils.Keywords.executeKeywords(Keywords.java:112)
	at com.testcases.TC_013_Validate_DashBoard_Page_Attributes.tC_013_Validate_DashBoard_Page_Attributes(TC_013_Validate_DashBoard_Page_Attributes.java:24)
... Removed 25 stack frames]]>
    </failure>
  </testcase> <!-- tC_013_Validate_DashBoard_Page_Attributes -->
</testsuite> <!-- VALIDATE DASHBOARD PAGE ATTRIBUTES -->
