<?xml version="1.0" encoding="UTF-8"?>
<!-- Generated by org.testng.reporters.JUnitXMLReporter -->
<testsuite hostname="DESKTOP-8FKLJ50" ignored="0" name="VALIDATING ARRIVING TOMMARROW SECTION WITH ORDER CALENDER PAGE" tests="1" failures="0" timestamp="15 Feb 2021 08:26:47 GMT" time="165.648" errors="0">
  <testcase name="tC_014_Navigate_Arriving_Tom_to_Order_Calender" time="140.121" classname="com.testcases.TC_014_Navigate_Arriving_Tom_to_Order_Calender"/>
</testsuite> <!-- VALIDATING ARRIVING TOMMARROW SECTION WITH ORDER CALENDER PAGE -->
