<?xml version="1.0" encoding="UTF-8"?>
<!-- Generated by org.testng.reporters.JUnitXMLReporter -->
<testsuite hostname="DESKTOP-8FKLJ50" ignored="0" name="VALIDATE THE FLASH SCREEN TEXT AND IMAGES " tests="1" failures="0" timestamp="19 Apr 2021 04:40:47 GMT" time="169.477" errors="0">
  <testcase name="tC_FCA_2_Validate_FlashScreen_Text_and_Image" time="119.817" classname="com.practice.TC_FCA_2_Validate_FlashScreen_Text_and_Image"/>
</testsuite> <!-- VALIDATE THE FLASH SCREEN TEXT AND IMAGES  -->
