<?xml version="1.0" encoding="UTF-8"?>
<!-- Generated by org.testng.reporters.JUnitXMLReporter -->
<testsuite hostname="DESKTOP-8FKLJ50" ignored="0" name="VALIDATE THE SEARCH LISTING PAGE AND VERIFY THE COUNT " tests="1" failures="0" timestamp="11 Mar 2021 09:10:58 GMT" time="139.353" errors="0">
  <testcase name="tC_FCA_2_Validate_FlashScreen_Text_and_Image" time="113.241" classname="com.practice.TC_FCA_2_Validate_FlashScreen_Text_and_Image"/>
</testsuite> <!-- VALIDATE THE SEARCH LISTING PAGE AND VERIFY THE COUNT  -->
