<?xml version="1.0" encoding="UTF-8"?>
<!-- Generated by org.testng.reporters.JUnitXMLReporter -->
<testsuite hostname="DESKTOP-8FKLJ50" ignored="0" name="VALIDATE THE CREATE SUBSCRIPTION PAGE" tests="1" failures="1" timestamp="19 Apr 2021 05:09:26 GMT" time="1080.104" errors="0">
  <testcase name="tC_FCA_6_Validate_Create_Subscription_Page" time="1028.416" classname="com.practice.TC_FCA_6_Validate_Create_Subscription_Page">
    <failure type="java.lang.NullPointerException">
      <![CDATA[java.lang.NullPointerException
	at org.openqa.selenium.support.ui.ExpectedConditions.elementIfVisible(ExpectedConditions.java:314)
	at org.openqa.selenium.support.ui.ExpectedConditions.access$000(ExpectedConditions.java:43)
	at org.openqa.selenium.support.ui.ExpectedConditions$10.apply(ExpectedConditions.java:300)
	at org.openqa.selenium.support.ui.ExpectedConditions$10.apply(ExpectedConditions.java:297)
	at org.openqa.selenium.support.ui.FluentWait.until(FluentWait.java:249)
	at com.utils.Keywords.waitForElementPresent(Keywords.java:763)
	at com.utils.Keywords.executeKeywords(Keywords.java:209)
	at com.practice.TC_FCA_6_Validate_Create_Subscription_Page.tC_FCA_6_Validate_Create_Subscription_Page(TC_FCA_6_Validate_Create_Subscription_Page.java:26)
... Removed 25 stack frames]]>
    </failure>
  </testcase> <!-- tC_FCA_6_Validate_Create_Subscription_Page -->
</testsuite> <!-- VALIDATE THE CREATE SUBSCRIPTION PAGE -->
