<?xml version="1.0" encoding="UTF-8"?>
<!-- Generated by org.testng.reporters.JUnitXMLReporter -->
<testsuite hostname="DESKTOP-8FKLJ50" ignored="0" name="VALIDATE DEVICE BACK OPTION" tests="1" failures="1" timestamp="11 Mar 2021 09:12:00 GMT" time="61.747" errors="0">
  <testcase name="tC_FCA_3_Validate_Dashboard_Attributes_values" time="36.533" classname="com.practice.TC_FCA_3_Validate_Dashboard_Attributes_values">
    <failure type="java.lang.NullPointerException">
      <![CDATA[java.lang.NullPointerException
	at com.utils.Keywords.scroll_Down(Keywords.java:933)
	at com.utils.Keywords.executeKeywords(Keywords.java:97)
	at com.practice.TC_FCA_3_Validate_Dashboard_Attributes_values.tC_FCA_3_Validate_Dashboard_Attributes_values(TC_FCA_3_Validate_Dashboard_Attributes_values.java:46)
... Removed 25 stack frames]]>
    </failure>
  </testcase> <!-- tC_FCA_3_Validate_Dashboard_Attributes_values -->
</testsuite> <!-- VALIDATE DEVICE BACK OPTION -->
