<?xml version="1.0" encoding="UTF-8"?>
<!-- Generated by org.testng.reporters.JUnitXMLReporter -->
<testsuite hostname="DESKTOP-8FKLJ50" ignored="0" name="VALIDATE THE SUBSCRIPTION AND CART PAGE PRICE AND COUNT" tests="1" failures="0" timestamp="15 Feb 2021 08:24:02 GMT" time="428.506" errors="0">
  <testcase name="tC_010_Validate_Subscription_Page" time="402.468" classname="com.testcases.TC_010_Validate_Subscription_Page"/>
</testsuite> <!-- VALIDATE THE SUBSCRIPTION AND CART PAGE PRICE AND COUNT -->
